<?xml version="1.0" encoding="UTF-8"?>
<testsuite xmlns:xsi="http://www.w3.org/2001/XMLSchema-instance" xsi:noNamespaceSchemaLocation="https://maven.apache.org/surefire/maven-surefire-plugin/xsd/surefire-test-report.xsd" name="com.para.lidz.AppTest" time="0.003" tests="1" errors="0" skipped="0" failures="0">
  <properties>
    <property name="sun.desktop" value="windows"/>
    <property name="awt.toolkit" value="sun.awt.windows.WToolkit"/>
    <property name="file.encoding.pkg" value="sun.io"/>
    <property name="java.specification.version" value="1.8"/>
    <property name="sun.cpu.isalist" value="amd64"/>
    <property name="sun.jnu.encoding" value="GBK"/>
    <property name="java.class.path" value="D:\opensource\javabase\swingapp\target\test-classes;D:\opensource\javabase\swingapp\target\classes;D:\usrLocal\mavenrepo\junit\junit\4.11\junit-4.11.jar;D:\usrLocal\mavenrepo\org\hamcrest\hamcrest-core\1.3\hamcrest-core-1.3.jar;"/>
    <property name="java.vm.vendor" value="Oracle Corporation"/>
    <property name="sun.arch.data.model" value="64"/>
    <property name="user.variant" value=""/>
    <property name="java.vendor.url" value="http://java.oracle.com/"/>
    <property name="user.timezone" value="GMT+08:00"/>
    <property name="java.vm.specification.version" value="1.8"/>
    <property name="os.name" value="Windows 7"/>
    <property name="user.country" value="CN"/>
    <property name="sun.java.launcher" value="SUN_STANDARD"/>
    <property name="sun.boot.library.path" value="D:\usrLocal\devtools\java\jdk\jre\bin"/>
    <property name="sun.java.command" value="C:\Users\ADMINI~1\AppData\Local\Temp\surefire8287709730862449114\surefirebooter7154751339332556142.jar C:\Users\Administrator\AppData\Local\Temp\surefire8287709730862449114 2020-11-24T18-03-12_967-jvmRun1 surefire7938129765458875271tmp surefire_03639547547000808019tmp"/>
    <property name="surefire.test.class.path" value="D:\opensource\javabase\swingapp\target\test-classes;D:\opensource\javabase\swingapp\target\classes;D:\usrLocal\mavenrepo\junit\junit\4.11\junit-4.11.jar;D:\usrLocal\mavenrepo\org\hamcrest\hamcrest-core\1.3\hamcrest-core-1.3.jar;"/>
    <property name="sun.cpu.endian" value="little"/>
    <property name="user.home" value="C:\Users\Administrator"/>
    <property name="user.language" value="zh"/>
    <property name="java.specification.vendor" value="Oracle Corporation"/>
    <property name="java.home" value="D:\usrLocal\devtools\java\jdk\jre"/>
    <property name="basedir" value="D:\opensource\javabase\swingapp"/>
    <property name="file.separator" value="\"/>
    <property name="line.separator" value="&#10;"/>
    <property name="idea.version2019.2.3" value="true"/>
    <property name="java.vm.specification.vendor" value="Oracle Corporation"/>
    <property name="java.specification.name" value="Java Platform API Specification"/>
    <property name="java.awt.graphicsenv" value="sun.awt.Win32GraphicsEnvironment"/>
    <property name="surefire.real.class.path" value="C:\Users\ADMINI~1\AppData\Local\Temp\surefire8287709730862449114\surefirebooter7154751339332556142.jar"/>
    <property name="sun.boot.class.path" value="D:\usrLocal\devtools\java\jdk\jre\lib\resources.jar;D:\usrLocal\devtools\java\jdk\jre\lib\rt.jar;D:\usrLocal\devtools\java\jdk\jre\lib\sunrsasign.jar;D:\usrLocal\devtools\java\jdk\jre\lib\jsse.jar;D:\usrLocal\devtools\java\jdk\jre\lib\jce.jar;D:\usrLocal\devtools\java\jdk\jre\lib\charsets.jar;D:\usrLocal\devtools\java\jdk\jre\lib\jfr.jar;D:\usrLocal\devtools\java\jdk\jre\classes"/>
    <property name="user.script" value=""/>
    <property name="sun.management.compiler" value="HotSpot 64-Bit Tiered Compilers"/>
    <property name="java.runtime.version" value="1.8.0_191-b12"/>
    <property name="user.name" value="Administrator"/>
    <property name="path.separator" value=";"/>
    <property name="os.version" value="6.1"/>
    <property name="java.endorsed.dirs" value="D:\usrLocal\devtools\java\jdk\jre\lib\endorsed"/>
    <property name="java.runtime.name" value="Java(TM) SE Runtime Environment"/>
    <property name="file.encoding" value="GBK"/>
    <property name="java.vm.name" value="Java HotSpot(TM) 64-Bit Server VM"/>
    <property name="localRepository" value="D:\usrLocal\mavenrepo"/>
    <property name="java.vendor.url.bug" value="http://bugreport.sun.com/bugreport/"/>
    <property name="java.io.tmpdir" value="C:\Users\ADMINI~1\AppData\Local\Temp\"/>
    <property name="java.version" value="1.8.0_191"/>
    <property name="user.dir" value="D:\opensource\javabase\swingapp"/>
    <property name="os.arch" value="amd64"/>
    <property name="java.vm.specification.name" value="Java Virtual Machine Specification"/>
    <property name="java.awt.printerjob" value="sun.awt.windows.WPrinterJob"/>
    <property name="sun.os.patch.level" value="Service Pack 1"/>
    <property name="java.library.path" value="D:\usrLocal\devtools\java\jdk\jre\bin;C:\Windows\Sun\Java\bin;C:\Windows\system32;C:\Windows;C:\ProgramData\Anaconda3;C:\ProgramData\Anaconda3\Library\mingw-w64\bin;C:\ProgramData\Anaconda3\Library\usr\bin;C:\ProgramData\Anaconda3\Library\bin;C:\ProgramData\Anaconda3\Scripts;D:\usrLocal\xshell\;D:\usrLocal\devtools\java\jdk\bin;D:\usrLocal\devtools\java\jdk\jre\bin;C:\Program Files (x86)\Common Files\Oracle\Java\javapath;C:\Windows\system32;C:\Windows;C:\Windows\System32\Wbem;C:\Windows\System32\WindowsPowerShell\v1.0\;D:\usrLocal\maven\bin;D:\usrLocal\svn\bin;D:\usrLocal\app\putty\;D:\usrLocal\Microsoft VS Code\bin;D:\usrLocal\nodejs\;D:\hadoop\hadoop-3.2.0\bin;D:\usrLocal\app\lua5.1;D:\usrLocal\app\lua5.1\clibs;C:\Program Files\MySQL\MySQL Server 8.0\bin;D:\usrLocal\app\GO\bin;D:\usrLocal\gradle\bin;D:\usrLocal\python3;D:\usrLocal\python3\Scripts;D:\usr\redis;D:\usrLocal\devtools\apache-ant\bin;D:\usrLocal\Git\cmd;C:\Program Files\dotnet\;D:\usrLocal\devtools\apache-groovy-sdk-3.0.6\groovy-3.0.6\bin;D:\usrLocal\adb\platform-tools_r28.0.1-windows\platform-tools;C:\Program Files\MySQL\MySQL Shell 8.0\bin\;C:\Users\Administrator\AppData\Roaming\npm;D:\usr\idea\IntelliJ IDEA 2019.2.3\bin;;C:\Users\Administrator\go\bin;D:\usrLocal\app\Docker Toolbox;D:\usrLocal\app\Docker Toolbox;C:\Users\Administrator\.dotnet\tools;."/>
    <property name="java.vm.info" value="mixed mode"/>
    <property name="java.vendor" value="Oracle Corporation"/>
    <property name="java.vm.version" value="25.191-b12"/>
    <property name="java.ext.dirs" value="D:\usrLocal\devtools\java\jdk\jre\lib\ext;C:\Windows\Sun\Java\lib\ext"/>
    <property name="sun.io.unicode.encoding" value="UnicodeLittle"/>
    <property name="maven.repo.local" value="D:\usrLocal\mavenrepo"/>
    <property name="java.class.version" value="52.0"/>
  </properties>
  <testcase name="shouldAnswerWithTrue" classname="com.para.lidz.AppTest" time="0"/>
</testsuite>